<?xml version="1.0" encoding="UTF-8"?>
<!-- Generated by org.testng.reporters.JUnitReportReporter -->
<testsuite hostname="DESKTOP-U9882TR" failures="0" tests="5" name="Curs16.TestPriorityExample" time="0.017" errors="0" timestamp="2024-05-13T19:48:02 EEST" skipped="0">
  <testcase classname="Curs16.TestPriorityExample" name="four" time="0.002"/>
  <system-out/>
  <testcase classname="Curs16.TestPriorityExample" name="five" time="0.011"/>
  <system-out/>
  <testcase classname="Curs16.TestPriorityExample" name="one" time="0.001"/>
  <system-out/>
  <testcase classname="Curs16.TestPriorityExample" name="two" time="0.001"/>
  <system-out/>
  <testcase classname="Curs16.TestPriorityExample" name="three" time="0.002"/>
  <system-out/>
</testsuite> <!-- Curs16.TestPriorityExample -->
