<?xml version="1.0" encoding="UTF-8"?>
<!-- Generated by org.testng.reporters.JUnitReportReporter -->
<testsuite hostname="DESKTOP-U9882TR" failures="0" tests="3" name="Curs16.BeforeAfterAnnotation" time="0.065" errors="0" timestamp="2024-05-13T21:35:15 EEST" skipped="0">
  <testcase classname="Curs16.BeforeAfterAnnotation" name="test3" time="0.007"/>
  <system-out/>
  <testcase classname="Curs16.BeforeAfterAnnotation" name="test2" time="0.007"/>
  <system-out/>
  <testcase classname="Curs16.BeforeAfterAnnotation" name="test1" time="0.051"/>
  <system-out/>
</testsuite> <!-- Curs16.BeforeAfterAnnotation -->
