<?xml version="1.0" encoding="UTF-8"?>
<!-- Generated by org.testng.reporters.JUnitReportReporter -->
<testsuite hostname="DESKTOP-U9882TR" failures="0" tests="3" name="Curs16.BeforeAfterAnnotation" time="0.015" errors="0" timestamp="2024-05-15T19:02:22 EEST" skipped="0">
  <testcase classname="Curs16.BeforeAfterAnnotation" name="test3" time="0.004"/>
  <system-out/>
  <testcase classname="Curs16.BeforeAfterAnnotation" name="test1" time="0.008"/>
  <system-out/>
  <testcase classname="Curs16.BeforeAfterAnnotation" name="test2" time="0.003"/>
  <system-out/>
</testsuite> <!-- Curs16.BeforeAfterAnnotation -->
