<?xml version="1.0" encoding="UTF-8"?>
<!-- Generated by org.testng.reporters.JUnitReportReporter -->
<testsuite hostname="DESKTOP-U9882TR" failures="0" tests="2" name="Tema4.CautareCarte" time="18.206" errors="0" timestamp="2024-05-26T12:08:43 EEST" skipped="0">
  <testcase classname="Tema4.CautareCarte" name="verificaCart" time="5.903"/>
  <system-out/>
  <testcase classname="Tema4.CautareCarte" name="cautaCarte" time="12.303"/>
  <system-out/>
</testsuite> <!-- Tema4.CautareCarte -->
