<?xml version="1.0" encoding="UTF-8"?>
<!-- Generated by org.testng.reporters.JUnitReportReporter -->
<testsuite hostname="DESKTOP-U9882TR" failures="0" tests="1" name="Tema3.ContactPage" time="10.540" errors="0" timestamp="2024-05-24T15:41:05 EEST" skipped="0">
  <testcase classname="Tema3.ContactPage" name="contactPage" time="10.540"/>
  <system-out/>
</testsuite> <!-- Tema3.ContactPage -->
