<?xml version="1.0" encoding="UTF-8"?>
<!-- Generated by org.testng.reporters.JUnitReportReporter -->
<testsuite hostname="DESKTOP-U9882TR" failures="0" tests="3" name="Curs16.TestAdnotationExample" time="0.016" errors="0" timestamp="2024-05-13T19:34:40 EEST" skipped="0">
  <testcase classname="Curs16.TestAdnotationExample" name="test2" time="0.001"/>
  <system-out/>
  <testcase classname="Curs16.TestAdnotationExample" name="test1" time="0.013"/>
  <system-out/>
  <testcase classname="Curs16.TestAdnotationExample" name="test3" time="0.002"/>
  <system-out/>
</testsuite> <!-- Curs16.TestAdnotationExample -->
