<?xml version="1.0" encoding="UTF-8"?>
<!-- Generated by org.testng.reporters.JUnitReportReporter -->
<testsuite hostname="DESKTOP-U9882TR" failures="0" tests="1" name="Curs15.OpenBrowser" time="6.142" errors="0" timestamp="2024-05-15T19:03:55 EEST" skipped="0">
  <testcase classname="Curs15.OpenBrowser" name="openBrowser" time="6.142"/>
  <system-out/>
</testsuite> <!-- Curs15.OpenBrowser -->
