<?xml version="1.0" encoding="UTF-8"?>
<!-- Generated by org.testng.reporters.JUnitReportReporter -->
<testsuite hostname="DESKTOP-U9882TR" failures="0" tests="1" name="Tema2.Login" time="8.153" errors="0" timestamp="2024-05-24T13:32:12 EEST" skipped="0">
  <testcase classname="Tema2.Login" name="checkLogin" time="8.153"/>
  <system-out/>
</testsuite> <!-- Tema2.Login -->
