<?xml version="1.0" encoding="UTF-8"?>
<!-- Generated by org.testng.reporters.JUnitReportReporter -->
<testsuite hostname="DESKTOP-U9882TR" failures="0" tests="3" name="Curs20.JsAlertExample" time="19.598" errors="0" timestamp="2024-05-27T20:34:45 EEST" skipped="0">
  <testcase classname="Curs20.JsAlertExample" name="confirm" time="5.610"/>
  <system-out/>
  <testcase classname="Curs20.JsAlertExample" name="jsAlertExample" time="3.518"/>
  <system-out/>
  <testcase classname="Curs20.JsAlertExample" name="promptJsAlert" time="10.470"/>
  <system-out/>
</testsuite> <!-- Curs20.JsAlertExample -->
