<?xml version="1.0" encoding="UTF-8"?>
<!-- Generated by org.testng.reporters.JUnitReportReporter -->
<testsuite hostname="DESKTOP-U9882TR" failures="0" tests="1" name="Curs18.CssSelectorExample" time="0.107" errors="0" timestamp="2024-05-24T14:28:45 EEST" skipped="0">
  <testcase classname="Curs18.CssSelectorExample" name="cssSelectorExample2" time="0.107"/>
  <system-out/>
</testsuite> <!-- Curs18.CssSelectorExample -->
