<?xml version="1.0" encoding="UTF-8"?>
<!-- Generated by org.testng.reporters.JUnitReportReporter -->
<testsuite hostname="DESKTOP-U9882TR" failures="0" tests="1" name="Tema2.ForestCheck" time="4.532" errors="0" timestamp="2024-05-19T12:39:10 EEST" skipped="0">
  <testcase classname="Tema2.ForestCheck" name="verificaCartea" time="4.532"/>
  <system-out/>
</testsuite> <!-- Tema2.ForestCheck -->
