<?xml version="1.0" encoding="UTF-8"?>
<!-- Generated by org.testng.reporters.JUnitReportReporter -->
<testsuite hostname="DESKTOP-U9882TR" failures="0" tests="1" name="Curs16.WebElementExample" time="0.789" errors="0" timestamp="2024-05-15T19:08:34 EEST" skipped="0">
  <testcase classname="Curs16.WebElementExample" name="login" time="0.789"/>
  <system-out/>
</testsuite> <!-- Curs16.WebElementExample -->
