<?xml version="1.0" encoding="UTF-8"?>
<!-- Generated by org.testng.reporters.JUnitReportReporter -->
<testsuite hostname="DESKTOP-U9882TR" failures="0" tests="2" name="Tema4.CautareCarte" time="19.548" errors="0" timestamp="2024-05-27T18:26:34 EEST" skipped="0">
  <testcase classname="Tema4.CautareCarte" name="cautaCarte" time="13.142"/>
  <system-out/>
  <testcase classname="Tema4.CautareCarte" name="verificaCart" time="6.406"/>
  <system-out/>
</testsuite> <!-- Tema4.CautareCarte -->
